{"name":"hexo","hostname":"LAPTOP-RCB8OCAU","pid":8444,"level":20,"msg":"Writing database to D:\\DTE\\MyData\\Hexo\\Blog\\DTEmiemie.github.io\\MyBlog/db.json","time":"2020-03-03T01:57:58.987Z","v":0}
{"name":"hexo","hostname":"LAPTOP-RCB8OCAU","pid":8444,"level":20,"msg":"Hexo version: 4.2.0","time":"2020-03-03T01:57:59.000Z","v":0}
{"name":"hexo","hostname":"LAPTOP-RCB8OCAU","pid":8444,"level":20,"msg":"Working directory: D:\\DTE\\MyData\\Hexo\\Blog\\DTEmiemie.github.io\\MyBlog\\","time":"2020-03-03T01:57:59.000Z","v":0}
{"name":"hexo","hostname":"LAPTOP-RCB8OCAU","pid":8444,"level":20,"msg":"Config loaded: D:\\DTE\\MyData\\Hexo\\Blog\\DTEmiemie.github.io\\MyBlog\\_config.yml","time":"2020-03-03T01:57:59.100Z","v":0}
{"name":"hexo","hostname":"LAPTOP-RCB8OCAU","pid":8444,"level":20,"msg":"Script loaded: themes\\next\\scripts\\events\\index.js","time":"2020-03-03T01:57:59.121Z","v":0}
{"name":"hexo","hostname":"LAPTOP-RCB8OCAU","pid":8444,"level":20,"msg":"Script loaded: themes\\next\\scripts\\events\\lib\\injects-point.js","time":"2020-03-03T01:57:59.121Z","v":0}
{"name":"hexo","hostname":"LAPTOP-RCB8OCAU","pid":8444,"level":20,"msg":"Script loaded: themes\\next\\scripts\\filters\\comment\\changyan.js","time":"2020-03-03T01:57:59.122Z","v":0}
{"name":"hexo","hostname":"LAPTOP-RCB8OCAU","pid":8444,"level":20,"msg":"Script loaded: themes\\next\\scripts\\events\\lib\\injects.js","time":"2020-03-03T01:57:59.123Z","v":0}
{"name":"hexo","hostname":"LAPTOP-RCB8OCAU","pid":8444,"level":20,"msg":"Script loaded: themes\\next\\scripts\\filters\\comment\\common.js","time":"2020-03-03T01:57:59.123Z","v":0}
{"name":"hexo","hostname":"LAPTOP-RCB8OCAU","pid":8444,"level":20,"msg":"Script loaded: themes\\next\\scripts\\events\\lib\\config.js","time":"2020-03-03T01:57:59.124Z","v":0}
{"name":"hexo","hostname":"LAPTOP-RCB8OCAU","pid":8444,"level":20,"msg":"Script loaded: themes\\next\\scripts\\filters\\comment\\disqus.js","time":"2020-03-03T01:57:59.124Z","v":0}
{"name":"hexo","hostname":"LAPTOP-RCB8OCAU","pid":8444,"level":20,"msg":"Script loaded: themes\\next\\scripts\\filters\\comment\\disqusjs.js","time":"2020-03-03T01:57:59.124Z","v":0}
{"name":"hexo","hostname":"LAPTOP-RCB8OCAU","pid":8444,"level":20,"msg":"Script loaded: themes\\next\\scripts\\filters\\comment\\livere.js","time":"2020-03-03T01:57:59.124Z","v":0}
{"name":"hexo","hostname":"LAPTOP-RCB8OCAU","pid":8444,"level":20,"msg":"Script loaded: themes\\next\\scripts\\filters\\comment\\gitalk.js","time":"2020-03-03T01:57:59.124Z","v":0}
{"name":"hexo","hostname":"LAPTOP-RCB8OCAU","pid":8444,"level":20,"msg":"Script loaded: themes\\next\\scripts\\filters\\comment\\valine.js","time":"2020-03-03T01:57:59.125Z","v":0}
{"name":"hexo","hostname":"LAPTOP-RCB8OCAU","pid":8444,"level":20,"msg":"Script loaded: themes\\next\\scripts\\filters\\default-injects.js","time":"2020-03-03T01:57:59.125Z","v":0}
{"name":"hexo","hostname":"LAPTOP-RCB8OCAU","pid":8444,"level":20,"msg":"Script loaded: themes\\next\\scripts\\filters\\comment\\default-config.js","time":"2020-03-03T01:57:59.125Z","v":0}
{"name":"hexo","hostname":"LAPTOP-RCB8OCAU","pid":8444,"level":20,"msg":"Script loaded: themes\\next\\scripts\\filters\\front-matter.js","time":"2020-03-03T01:57:59.125Z","v":0}
{"name":"hexo","hostname":"LAPTOP-RCB8OCAU","pid":8444,"level":20,"msg":"Script loaded: themes\\next\\scripts\\filters\\locals.js","time":"2020-03-03T01:57:59.125Z","v":0}
{"name":"hexo","hostname":"LAPTOP-RCB8OCAU","pid":8444,"level":20,"msg":"Script loaded: themes\\next\\scripts\\filters\\minify.js","time":"2020-03-03T01:57:59.126Z","v":0}
{"name":"hexo","hostname":"LAPTOP-RCB8OCAU","pid":8444,"level":20,"msg":"Script loaded: themes\\next\\scripts\\helpers\\font.js","time":"2020-03-03T01:57:59.126Z","v":0}
{"name":"hexo","hostname":"LAPTOP-RCB8OCAU","pid":8444,"level":20,"msg":"Script loaded: themes\\next\\scripts\\helpers\\engine.js","time":"2020-03-03T01:57:59.126Z","v":0}
{"name":"hexo","hostname":"LAPTOP-RCB8OCAU","pid":8444,"level":20,"msg":"Script loaded: themes\\next\\scripts\\filters\\post.js","time":"2020-03-03T01:57:59.126Z","v":0}
{"name":"hexo","hostname":"LAPTOP-RCB8OCAU","pid":8444,"level":20,"msg":"Script loaded: themes\\next\\scripts\\helpers\\next-config.js","time":"2020-03-03T01:57:59.127Z","v":0}
{"name":"hexo","hostname":"LAPTOP-RCB8OCAU","pid":8444,"level":20,"msg":"Script loaded: themes\\next\\scripts\\helpers\\next-url.js","time":"2020-03-03T01:57:59.127Z","v":0}
{"name":"hexo","hostname":"LAPTOP-RCB8OCAU","pid":8444,"level":20,"msg":"Script loaded: themes\\next\\scripts\\renderer.js","time":"2020-03-03T01:57:59.128Z","v":0}
{"name":"hexo","hostname":"LAPTOP-RCB8OCAU","pid":8444,"level":20,"msg":"Script loaded: themes\\next\\scripts\\tags\\caniuse.js","time":"2020-03-03T01:57:59.128Z","v":0}
{"name":"hexo","hostname":"LAPTOP-RCB8OCAU","pid":8444,"level":20,"msg":"Script loaded: themes\\next\\scripts\\tags\\button.js","time":"2020-03-03T01:57:59.128Z","v":0}
{"name":"hexo","hostname":"LAPTOP-RCB8OCAU","pid":8444,"level":20,"msg":"Script loaded: themes\\next\\scripts\\tags\\center-quote.js","time":"2020-03-03T01:57:59.128Z","v":0}
{"name":"hexo","hostname":"LAPTOP-RCB8OCAU","pid":8444,"level":20,"msg":"Script loaded: themes\\next\\scripts\\tags\\group-pictures.js","time":"2020-03-03T01:57:59.129Z","v":0}
{"name":"hexo","hostname":"LAPTOP-RCB8OCAU","pid":8444,"level":20,"msg":"Script loaded: themes\\next\\scripts\\tags\\label.js","time":"2020-03-03T01:57:59.129Z","v":0}
{"name":"hexo","hostname":"LAPTOP-RCB8OCAU","pid":8444,"level":20,"msg":"Script loaded: themes\\next\\scripts\\tags\\mermaid.js","time":"2020-03-03T01:57:59.129Z","v":0}
{"name":"hexo","hostname":"LAPTOP-RCB8OCAU","pid":8444,"level":20,"msg":"Script loaded: themes\\next\\scripts\\tags\\note.js","time":"2020-03-03T01:57:59.129Z","v":0}
{"name":"hexo","hostname":"LAPTOP-RCB8OCAU","pid":8444,"level":20,"msg":"Script loaded: themes\\next\\scripts\\tags\\pdf.js","time":"2020-03-03T01:57:59.129Z","v":0}
{"name":"hexo","hostname":"LAPTOP-RCB8OCAU","pid":8444,"level":20,"msg":"Script loaded: themes\\next\\scripts\\tags\\tabs.js","time":"2020-03-03T01:57:59.130Z","v":0}
{"name":"hexo","hostname":"LAPTOP-RCB8OCAU","pid":8444,"level":20,"msg":"Script loaded: themes\\next\\scripts\\tags\\video.js","time":"2020-03-03T01:57:59.130Z","v":0}
